req: GET /unit Thu May 09 2024 08:30:34 GMT+0200 (centraleuropeisk sommartid) Can't find /unit on this server!
req: POST /api/v1/blockchain/mine Thu May 09 2024 08:45:10 GMT+0200 (centraleuropeisk sommartid) Can't find /api/v1/blockchain/mine on this server!
req: GET /api/v1/blockchain Thu May 09 2024 09:24:48 GMT+0200 (centraleuropeisk sommartid) Can't find /api/v1/blockchain on this server!
req: POST /api/v1/friend/register Thu May 09 2024 10:36:31 GMT+0200 (centraleuropeisk sommartid) Can't find /api/v1/friend/register on this server!
req: POST /api/v1/friend/register Thu May 09 2024 10:36:31 GMT+0200 (centraleuropeisk sommartid) Can't find /api/v1/friend/register on this server!
req: POST /api/v1/friend/register Thu May 09 2024 10:36:43 GMT+0200 (centraleuropeisk sommartid) Can't find /api/v1/friend/register on this server!
req: POST /api/v1/friend/register Thu May 09 2024 10:36:43 GMT+0200 (centraleuropeisk sommartid) Can't find /api/v1/friend/register on this server!
req: POST /api/v1/friend/register Thu May 09 2024 10:37:21 GMT+0200 (centraleuropeisk sommartid) Can't find /api/v1/friend/register on this server!
req: POST /api/v1/friend/register Thu May 09 2024 10:37:21 GMT+0200 (centraleuropeisk sommartid) Can't find /api/v1/friend/register on this server!
req: POST /api/v1/friend/register Thu May 09 2024 10:37:21 GMT+0200 (centraleuropeisk sommartid) Can't find /api/v1/friend/register on this server!
req: POST /api/v1/friend/register Thu May 09 2024 10:37:30 GMT+0200 (centraleuropeisk sommartid) Can't find /api/v1/friend/register on this server!
req: POST /api/v1/friend/register Thu May 09 2024 10:37:30 GMT+0200 (centraleuropeisk sommartid) Can't find /api/v1/friend/register on this server!
req: POST /api/v1/friend/register Thu May 09 2024 10:37:30 GMT+0200 (centraleuropeisk sommartid) Can't find /api/v1/friend/register on this server!
req: POST /api/v1/friend/register Thu May 09 2024 10:38:13 GMT+0200 (centraleuropeisk sommartid) Can't find /api/v1/friend/register on this server!
req: POST /api/v1/friend/register Thu May 09 2024 10:38:13 GMT+0200 (centraleuropeisk sommartid) Can't find /api/v1/friend/register on this server!
req: POST /api/v1/friend/register Thu May 09 2024 10:38:13 GMT+0200 (centraleuropeisk sommartid) Can't find /api/v1/friend/register on this server!
req: POST /api/v1/friend/register Thu May 09 2024 10:38:13 GMT+0200 (centraleuropeisk sommartid) Can't find /api/v1/friend/register on this server!
req: POST /api/v1/friend/register Thu May 09 2024 10:38:18 GMT+0200 (centraleuropeisk sommartid) Can't find /api/v1/friend/register on this server!
req: POST /api/v1/friend/register Thu May 09 2024 10:38:18 GMT+0200 (centraleuropeisk sommartid) Can't find /api/v1/friend/register on this server!
req: POST /api/v1/friend/register Thu May 09 2024 10:38:18 GMT+0200 (centraleuropeisk sommartid) Can't find /api/v1/friend/register on this server!
req: POST /api/v1/friend/register Thu May 09 2024 10:38:18 GMT+0200 (centraleuropeisk sommartid) Can't find /api/v1/friend/register on this server!
req: GET /api/v1/unityNet Thu May 09 2024 10:38:49 GMT+0200 (centraleuropeisk sommartid) Can't find /api/v1/unityNet on this server!
req: GET /api/v1/unityNet Thu May 09 2024 10:38:49 GMT+0200 (centraleuropeisk sommartid) Can't find /api/v1/unityNet on this server!
req: GET /api/v1/unityNet Thu May 09 2024 10:38:49 GMT+0200 (centraleuropeisk sommartid) Can't find /api/v1/unityNet on this server!
req: GET /api/v1/unityNet Thu May 09 2024 10:39:10 GMT+0200 (centraleuropeisk sommartid) Can't find /api/v1/unityNet on this server!
req: GET /api/v1/unityNet Thu May 09 2024 10:39:10 GMT+0200 (centraleuropeisk sommartid) Can't find /api/v1/unityNet on this server!
req: GET /api/v1/unityNet Thu May 09 2024 10:39:10 GMT+0200 (centraleuropeisk sommartid) Can't find /api/v1/unityNet on this server!
req: GET /unity/update Thu May 09 2024 10:39:18 GMT+0200 (centraleuropeisk sommartid) Can't find /unity/update on this server!
req: GET /unity/update Thu May 09 2024 10:40:09 GMT+0200 (centraleuropeisk sommartid) Can't find /unity/update on this server!
req: GET /unity/update Thu May 09 2024 10:40:10 GMT+0200 (centraleuropeisk sommartid) Can't find /unity/update on this server!
req: GET /api/v1/unityNet Thu May 09 2024 10:40:12 GMT+0200 (centraleuropeisk sommartid) Can't find /api/v1/unityNet on this server!
req: GET /api/v1/unityNet Thu May 09 2024 10:40:12 GMT+0200 (centraleuropeisk sommartid) Can't find /api/v1/unityNet on this server!
req: GET /api/v1/unityNet Thu May 09 2024 10:40:12 GMT+0200 (centraleuropeisk sommartid) Can't find /api/v1/unityNet on this server!
req: GET /api/v1/unityNet Thu May 09 2024 10:40:13 GMT+0200 (centraleuropeisk sommartid) Can't find /api/v1/unityNet on this server!
req: GET /api/v1/unityNet Thu May 09 2024 10:40:13 GMT+0200 (centraleuropeisk sommartid) Can't find /api/v1/unityNet on this server!
req: GET /api/v1/unityNet Thu May 09 2024 10:40:13 GMT+0200 (centraleuropeisk sommartid) Can't find /api/v1/unityNet on this server!
req: POST /api/v1/friend/register Thu May 09 2024 16:26:03 GMT+0200 (centraleuropeisk sommartid) Can't find /api/v1/friend/register on this server!
req: POST /api/v1/friend/register Thu May 09 2024 16:26:03 GMT+0200 (centraleuropeisk sommartid) Can't find /api/v1/friend/register on this server!
req: POST /api/v1/friend/register Thu May 09 2024 16:26:11 GMT+0200 (centraleuropeisk sommartid) Can't find /api/v1/friend/register on this server!
req: POST /api/v1/friend/register Thu May 09 2024 16:26:11 GMT+0200 (centraleuropeisk sommartid) Can't find /api/v1/friend/register on this server!
req: GET /api/v1/unityNet Thu May 09 2024 16:26:30 GMT+0200 (centraleuropeisk sommartid) Can't find /api/v1/unityNet on this server!
req: GET /unity/update Thu May 09 2024 16:26:46 GMT+0200 (centraleuropeisk sommartid) Can't find /unity/update on this server!
req: GET /api/v1/unityNet Thu May 09 2024 16:26:48 GMT+0200 (centraleuropeisk sommartid) Can't find /api/v1/unityNet on this server!
req: GET /api/v1/unityNet Thu May 09 2024 16:26:49 GMT+0200 (centraleuropeisk sommartid) Can't find /api/v1/unityNet on this server!
req: GET /unity/update Thu May 09 2024 16:29:01 GMT+0200 (centraleuropeisk sommartid) Can't find /unity/update on this server!
req: GET /unity/update Thu May 09 2024 16:29:02 GMT+0200 (centraleuropeisk sommartid) Can't find /unity/update on this server!
req: GET /unity/update Thu May 09 2024 16:29:02 GMT+0200 (centraleuropeisk sommartid) Can't find /unity/update on this server!
req: GET /api/v1/blockchain/concensus Thu May 09 2024 16:33:46 GMT+0200 (centraleuropeisk sommartid) Can't find /api/v1/blockchain/concensus on this server!
req: POST /api/v1/blockchain/mine Thu May 09 2024 16:34:00 GMT+0200 (centraleuropeisk sommartid) Can't find /api/v1/blockchain/mine on this server!
req: GET /unity/update Thu May 09 2024 16:44:36 GMT+0200 (centraleuropeisk sommartid) Can't find /unity/update on this server!
req: GET /unity/update Thu May 09 2024 16:48:21 GMT+0200 (centraleuropeisk sommartid) Can't find /unity/update on this server!
req: POST /unity/update Thu May 09 2024 16:48:39 GMT+0200 (centraleuropeisk sommartid) req is not defined
req: POST /unity/update Fri May 10 2024 15:44:46 GMT+0200 (centraleuropeisk sommartid) req is not defined
req: GET /api/v1/blockchain Fri May 10 2024 15:48:51 GMT+0200 (centraleuropeisk sommartid) Can't find /api/v1/blockchain on this server!
req: GET /api/v1/blockchain Fri May 10 2024 15:49:35 GMT+0200 (centraleuropeisk sommartid) Can't find /api/v1/blockchain on this server!
req: POST /unity/update Fri May 10 2024 16:31:47 GMT+0200 (centraleuropeisk sommartid) req is not defined
req: POST /unity/update Fri May 10 2024 16:32:32 GMT+0200 (centraleuropeisk sommartid) req is not defined
req: POST /unity/update Fri May 10 2024 16:32:33 GMT+0200 (centraleuropeisk sommartid) req is not defined
req: POST /unity/update Fri May 10 2024 16:47:32 GMT+0200 (centraleuropeisk sommartid) req is not defined
req: POST /unity/update Fri May 10 2024 16:53:38 GMT+0200 (centraleuropeisk sommartid) req is not defined
req: POST /unity/update Fri May 10 2024 17:30:10 GMT+0200 (centraleuropeisk sommartid) Cannot read properties of undefined (reading 'prevHash')
req: POST /unity/update Fri May 10 2024 17:35:58 GMT+0200 (centraleuropeisk sommartid) Cannot read properties of undefined (reading 'prevHash')
req: POST /unity/update Fri May 10 2024 17:35:59 GMT+0200 (centraleuropeisk sommartid) Cannot read properties of undefined (reading 'prevHash')
req: POST /unity/update Fri May 10 2024 17:36:00 GMT+0200 (centraleuropeisk sommartid) Cannot read properties of undefined (reading 'prevHash')
req: GET /api/v1/blockchain Fri May 10 2024 18:01:36 GMT+0200 (centraleuropeisk sommartid) Can't find /api/v1/blockchain on this server!
req: POST /unity/update Fri May 10 2024 18:03:35 GMT+0200 (centraleuropeisk sommartid) Cannot read properties of undefined (reading 'prevHash')
req: POST /unity/update Fri May 10 2024 18:04:53 GMT+0200 (centraleuropeisk sommartid) Cannot read properties of undefined (reading 'prevHash')
req: POST /unity/update Fri May 10 2024 18:04:53 GMT+0200 (centraleuropeisk sommartid) Cannot read properties of undefined (reading 'prevHash')
req: POST /unity/update Fri May 10 2024 18:05:04 GMT+0200 (centraleuropeisk sommartid) Cannot read properties of undefined (reading 'prevHash')
req: POST /unity/update Fri May 10 2024 18:05:23 GMT+0200 (centraleuropeisk sommartid) Cannot read properties of undefined (reading 'prevHash')
req: POST /unity/update Sun May 12 2024 13:38:37 GMT+0200 (centraleuropeisk sommartid) Cannot read properties of undefined (reading 'prevHash')
req: POST /unity/update Sun May 12 2024 13:41:30 GMT+0200 (centraleuropeisk sommartid) Cannot read properties of undefined (reading 'prevHash')
req: POST /unity/update Sun May 12 2024 13:52:47 GMT+0200 (centraleuropeisk sommartid) Unexpected non-whitespace character after JSON at position 459
req: GET /api/v1/members Sun May 12 2024 14:33:26 GMT+0200 (centraleuropeisk sommartid) Can't find /api/v1/members on this server!
req: GET /api/v1/blockchain Sun May 12 2024 18:03:24 GMT+0200 (centraleuropeisk sommartid) Can't find /api/v1/blockchain on this server!
req: GET /api/v1/members Sun May 12 2024 18:03:33 GMT+0200 (centraleuropeisk sommartid) Can't find /api/v1/members on this server!
req: POST /api/v1/blockchain/mine Sun May 12 2024 18:04:48 GMT+0200 (centraleuropeisk sommartid) Can't find /api/v1/blockchain/mine on this server!
req: POST /unity/min function toLocaleTimeString() { [native code] } ErrorResponse is not defined
req: POST /unity/min function toLocaleTimeString() { [native code] } ErrorResponse is not defined
req: POST /unity/min function toLocaleTimeString() { [native code] } ErrorResponse is not defined
req: POST /unity/min function toLocaleTimeString() { [native code] } ErrorResponse is not defined
req: POST /unity/min function toLocaleTimeString() { [native code] } ErrorResponse is not defined
req: POST /unity/min function toLocaleTimeString() { [native code] } ErrorResponse is not defined
req: POST /unity/min function toLocaleTimeString() { [native code] } ErrorResponse is not defined
req: POST /unity/min function toLocaleTimeString() { [native code] } ErrorResponse is not defined
req: POST /unity/min function toLocaleTimeString() { [native code] } ErrorResponse is not defined
req: GET /api/v1/blockchain function toLocaleTimeString() { [native code] } ErrorResponse is not defined
req: POST /unity/min function toLocaleTimeString() { [native code] } ErrorResponse is not defined
req: POST /unity/min function toLocaleTimeString() { [native code] } Can't find /unity/min on this server!
req: POST /unity/min function toLocaleTimeString() { [native code] } Can't find /unity/min on this server!
req: GET /unit function toLocaleTimeString() { [native code] } Can't find /unit on this server!
req: GET /unit function toLocaleTimeString() { [native code] } Can't find /unit on this server!
req: GET /unit function toLocaleTimeString() { [native code] } Can't find /unit on this server!
req: POST /unity/min function toLocaleTimeString() { [native code] } Can't find /unity/min on this server!
req: GET /friend function toLocaleTimeString() { [native code] } Can't find /friend on this server!
req: GET /unit function toLocaleTimeString() { [native code] } Can't find /unit on this server!
req: GET /unit function toLocaleTimeString() { [native code] } Can't find /unit on this server!
req: GET /unit function toLocaleTimeString() { [native code] } Can't find /unit on this server!
req: GET /unit function toLocaleTimeString() { [native code] } Can't find /unit on this server!
req: GET /unit Mon May 13 2024 01:23:07 GMT+0200 (centraleuropeisk sommartid) Can't find /unit on this server!
req: POST /unity/min 01:23:51 Can't find /unity/min on this server!
req: GET /friend 01:25:30 Can't find /friend on this server!
req: GET /unit 01:26:55 Can't find /unit on this server!
req: POST /unity/min 01:32:32 Can't find /unity/min on this server!
