GET  /unity Thu May 09 2024 08:30:07 GMT+0200 (centraleuropeisk sommartid)
GET  /unit Thu May 09 2024 08:30:34 GMT+0200 (centraleuropeisk sommartid)
POST  /unity/mine Thu May 09 2024 08:39:12 GMT+0200 (centraleuropeisk sommartid)
POST  /api/v1/blockchain/mine Thu May 09 2024 08:45:10 GMT+0200 (centraleuropeisk sommartid)
POST  /unity/mine Thu May 09 2024 08:45:28 GMT+0200 (centraleuropeisk sommartid)
POST  /unity/mine Thu May 09 2024 08:45:38 GMT+0200 (centraleuropeisk sommartid)
GET  /unity Thu May 09 2024 08:45:44 GMT+0200 (centraleuropeisk sommartid)
GET  /unity Thu May 09 2024 08:47:18 GMT+0200 (centraleuropeisk sommartid)
POST  /unity/mine Thu May 09 2024 08:47:22 GMT+0200 (centraleuropeisk sommartid)
GET  /unity Thu May 09 2024 08:47:25 GMT+0200 (centraleuropeisk sommartid)
POST  /unity/mine Thu May 09 2024 08:49:32 GMT+0200 (centraleuropeisk sommartid)
GET  /unity Thu May 09 2024 08:53:03 GMT+0200 (centraleuropeisk sommartid)
GET  /unity Thu May 09 2024 08:53:29 GMT+0200 (centraleuropeisk sommartid)
POST  /unity/mine Thu May 09 2024 08:53:38 GMT+0200 (centraleuropeisk sommartid)
GET  /unity Thu May 09 2024 08:53:47 GMT+0200 (centraleuropeisk sommartid)
POST  /unity/mine Thu May 09 2024 08:54:06 GMT+0200 (centraleuropeisk sommartid)
GET  /unity Thu May 09 2024 08:54:10 GMT+0200 (centraleuropeisk sommartid)
GET  /unity Thu May 09 2024 08:55:30 GMT+0200 (centraleuropeisk sommartid)
POST  /unity/mine Thu May 09 2024 08:55:37 GMT+0200 (centraleuropeisk sommartid)
POST  /unity/mine Thu May 09 2024 08:55:40 GMT+0200 (centraleuropeisk sommartid)
POST  /unity/mine Thu May 09 2024 08:55:41 GMT+0200 (centraleuropeisk sommartid)
POST  /unity/mine Thu May 09 2024 08:55:41 GMT+0200 (centraleuropeisk sommartid)
POST  /unity/mine Thu May 09 2024 08:55:42 GMT+0200 (centraleuropeisk sommartid)
POST  /unity/mine Thu May 09 2024 08:55:43 GMT+0200 (centraleuropeisk sommartid)
GET  /unity Thu May 09 2024 08:55:46 GMT+0200 (centraleuropeisk sommartid)
GET  /unity Thu May 09 2024 08:57:25 GMT+0200 (centraleuropeisk sommartid)
POST  /unity/mine Thu May 09 2024 08:57:37 GMT+0200 (centraleuropeisk sommartid)
GET  /unity Thu May 09 2024 08:58:06 GMT+0200 (centraleuropeisk sommartid)
POST  /unity/mine Thu May 09 2024 08:58:12 GMT+0200 (centraleuropeisk sommartid)
GET  /unity Thu May 09 2024 08:58:32 GMT+0200 (centraleuropeisk sommartid)
GET  /unity Thu May 09 2024 08:58:46 GMT+0200 (centraleuropeisk sommartid)
GET  /unity Thu May 09 2024 08:59:13 GMT+0200 (centraleuropeisk sommartid)
POST  /unity/mine Thu May 09 2024 08:59:16 GMT+0200 (centraleuropeisk sommartid)
GET  /unity Thu May 09 2024 08:59:25 GMT+0200 (centraleuropeisk sommartid)
GET  /unity Thu May 09 2024 09:00:22 GMT+0200 (centraleuropeisk sommartid)
POST  /unity/mine Thu May 09 2024 09:00:29 GMT+0200 (centraleuropeisk sommartid)
GET  /unity Thu May 09 2024 09:01:26 GMT+0200 (centraleuropeisk sommartid)
POST  /unity/mine Thu May 09 2024 09:01:32 GMT+0200 (centraleuropeisk sommartid)
POST  /unity/mine Thu May 09 2024 09:02:06 GMT+0200 (centraleuropeisk sommartid)
GET  /unity Thu May 09 2024 09:02:16 GMT+0200 (centraleuropeisk sommartid)
POST  /unity/mine Thu May 09 2024 09:02:35 GMT+0200 (centraleuropeisk sommartid)
POST  /unity/mine Thu May 09 2024 09:02:36 GMT+0200 (centraleuropeisk sommartid)
POST  /unity/mine Thu May 09 2024 09:02:37 GMT+0200 (centraleuropeisk sommartid)
POST  /unity/mine Thu May 09 2024 09:02:37 GMT+0200 (centraleuropeisk sommartid)
GET  /unity Thu May 09 2024 09:02:40 GMT+0200 (centraleuropeisk sommartid)
GET  /unity Thu May 09 2024 09:05:21 GMT+0200 (centraleuropeisk sommartid)
POST  /unity/mine Thu May 09 2024 09:05:29 GMT+0200 (centraleuropeisk sommartid)
GET  /unity Thu May 09 2024 09:05:42 GMT+0200 (centraleuropeisk sommartid)
POST  /unity/mine Thu May 09 2024 09:06:40 GMT+0200 (centraleuropeisk sommartid)
GET  /unity Thu May 09 2024 09:06:46 GMT+0200 (centraleuropeisk sommartid)
POST  /unity/mine Thu May 09 2024 09:07:26 GMT+0200 (centraleuropeisk sommartid)
GET  /unity Thu May 09 2024 09:07:35 GMT+0200 (centraleuropeisk sommartid)
GET  /unity Thu May 09 2024 09:09:44 GMT+0200 (centraleuropeisk sommartid)
POST  /unity/mine Thu May 09 2024 09:09:53 GMT+0200 (centraleuropeisk sommartid)
GET  /unity Thu May 09 2024 09:10:01 GMT+0200 (centraleuropeisk sommartid)
POST  /unity/mine Thu May 09 2024 09:21:41 GMT+0200 (centraleuropeisk sommartid)
GET  /unity Thu May 09 2024 09:21:45 GMT+0200 (centraleuropeisk sommartid)
POST  /unity/mine Thu May 09 2024 09:22:27 GMT+0200 (centraleuropeisk sommartid)
GET  /unity Thu May 09 2024 09:22:35 GMT+0200 (centraleuropeisk sommartid)
POST  /unity/mine Thu May 09 2024 09:22:40 GMT+0200 (centraleuropeisk sommartid)
POST  /unity/mine Thu May 09 2024 09:22:41 GMT+0200 (centraleuropeisk sommartid)
GET  /unity Thu May 09 2024 09:22:43 GMT+0200 (centraleuropeisk sommartid)
GET  /api/v1/blockchain Thu May 09 2024 09:24:48 GMT+0200 (centraleuropeisk sommartid)
